<?xml version="1.0" encoding="UTF-8"?>
<!-- Generated by org.testng.reporters.JUnitReportReporter -->
<testsuite hostname="LAPTOP-RR42BKR0" name="org.mma.selenium.NewTest" tests="1" failures="0" timestamp="29 Jun 2019 16:13:39 GMT" time="0.788" errors="0">
  <testcase name="testGooglePageTitleInIEBrowser" time="0.788" classname="org.mma.selenium.NewTest"/>
</testsuite> <!-- org.mma.selenium.NewTest -->
